<?xml version="1.0" encoding="UTF-8"?>
<testsuite name="awt.jaxrs.security.authenticator.basic.BasicPasswordAuthenticationTest" tests="3" skipped="0" failures="0" errors="0" timestamp="2018-01-03T14:06:35" hostname="DESKTOP-O48NU6N" time="0.096">
  <properties/>
  <testcase name="testValidBasicAuthToken" classname="awt.jaxrs.security.authenticator.basic.BasicPasswordAuthenticationTest" time="0.004"/>
  <testcase name="testTooFewPartsInBasicAuthToken" classname="awt.jaxrs.security.authenticator.basic.BasicPasswordAuthenticationTest" time="0.092"/>
  <testcase name="testTooManyPartsInBasicAuthToken" classname="awt.jaxrs.security.authenticator.basic.BasicPasswordAuthenticationTest" time="0.0"/>
  <system-out><![CDATA[]]></system-out>
  <system-err><![CDATA[]]></system-err>
</testsuite>
